<?xml version="1.0" encoding="UTF-8" ?>
<testsuite errors="0" failures="0" name="it.unibas.morracineseswing.modello.test.TestPartita" tests="2" time="0.301">
  <properties>
[...]
</properties>
  <testcase classname="it.unibas.morracineseswing.modello.test.TestPartita" name="testPartita1" time="0.01"></testcase>
  <testcase classname="it.unibas.morracineseswing.modello.test.TestPartita" name="testPartita2" time="0.0"></testcase>
  <system-out><![CDATA[]]></system-out>
  <system-err><![CDATA[]]></system-err>
</testsuite>
